<?xml version="1.0" encoding="UTF-8"?>
<!-- Generated by org.testng.reporters.JUnitReportReporter -->
<testsuite hostname="RAMMI" failures="0" tests="1" name="ExtentReport.AddScreenShotinReport" time="4.869" errors="0" timestamp="2025-06-23T13:58:03 IST" skipped="0">
  <testcase classname="ExtentReport.AddScreenShotinReport" name="addScreenShot" time="4.869"/>
</testsuite> <!-- ExtentReport.AddScreenShotinReport -->
