<?xml version="1.0" encoding="UTF-8"?>
<!-- Generated by org.testng.reporters.JUnitReportReporter -->
<testsuite hostname="RAMMI" failures="0" tests="1" name="Maven.SampleTest" time="3.274" errors="0" timestamp="2025-06-20T13:38:40 IST" skipped="0">
  <testcase classname="Maven.SampleTest" name="launch" time="3.274">
    <system-out>
      <![CDATA[SampleTest class executed]]>
    </system-out>
  </testcase> <!-- launch -->
  <system-out>
    <![CDATA[SampleTest class executed]]>
  </system-out>
</testsuite> <!-- Maven.SampleTest -->
